TpTrace Verbose: 0 : 28708, 1, 2022/04/07, 21:51:19.374, 22796525164872, datacollector.dll, Version: 17.1.0-release-20220113-05
TpTrace Information: 0 : 28708, 1, 2022/04/07, 21:51:19.380, 22796525199879, datacollector.dll, DataCollectorMain.Run: Starting data collector run with args: --port,59627,--parentprocessid,30260,--diag,C:\Users\ilupa\Desktop\Proiect Amdaris\Traveller-Guide-App\TravellerGuideApp\CreateCity\bin\Debug\net6.0\fine-code-coverage\coverage-tool-output\diagnostics.datacollector.22-04-07_21-51-19_30176_5.log,--tracelevel,4
TpTrace Information: 0 : 28708, 1, 2022/04/07, 21:51:19.380, 22796525201774, datacollector.dll, DataCollector: Monitoring parent process with id: '30260'
TpTrace Information: 0 : 28708, 1, 2022/04/07, 21:51:19.384, 22796525247731, datacollector.dll, Trying to connect to server on socket : 127.0.0.1:59627 
TpTrace Verbose: 0 : 28708, 1, 2022/04/07, 21:51:19.390, 22796525300861, datacollector.dll, SocketCommunicationManager : SetupClientAsync : Attempting to connect to the server.
TpTrace Information: 0 : 28708, 8, 2022/04/07, 21:51:19.395, 22796525358613, datacollector.dll, Connected to the server successfully 
TpTrace Information: 0 : 28708, 8, 2022/04/07, 21:51:19.395, 22796525359102, datacollector.dll, Using the buffer size of 16384 bytes
TpTrace Information: 0 : 28708, 1, 2022/04/07, 21:51:19.442, 22796525824813, datacollector.dll, DataCollector: Start Request Processing.
TpTrace Information: 0 : 28708, 1, 2022/04/07, 21:51:19.444, 22796525848568, datacollector.dll, DataCollectionRequestHandler.ProcessRequests : Datacollector received message: (DataCollection.BeforeTestRunStart) -> {
  "SettingsXml": "<RunSettings><RunConfiguration><ResultsDirectory>C:\\Users\\ilupa\\Desktop\\Proiect Amdaris\\Traveller-Guide-App\\TravellerGuideApp\\CreateCity\\bin\\Debug\\net6.0\\fine-code-coverage\\coverage-tool-output</ResultsDirectory><TargetPlatform>X64</TargetPlatform><TargetFrameworkVersion>.NETCoreApp,Version=v6.0</TargetFrameworkVersion><DesignMode>False</DesignMode><CollectSourceInformation>False</CollectSourceInformation><TestAdaptersPaths>C:\\Program Files\\dotnet\\sdk\\6.0.200\\Extensions</TestAdaptersPaths></RunConfiguration><LoggerRunSettings><Loggers><Logger friendlyName=\"blame\" enabled=\"True\" /><Logger friendlyName=\"Console\" uri=\"logger://microsoft/TestPlatform/ConsoleLogger/v1\" assemblyQualifiedName=\"Microsoft.VisualStudio.TestPlatform.CommandLine.Internal.ConsoleLogger, vstest.console, Version=15.0.0.0, Culture=neutral, PublicKeyToken=b03f5f7f11d50a3a\" codeBase=\"C:\\Program Files\\dotnet\\sdk\\6.0.200\\vstest.console.dll\" enabled=\"True\" /></Loggers></LoggerRunSettings><DataCollectionRunSettings><DataCollectors><DataCollector friendlyName=\"blame\" enabled=\"True\"><Configuration><ResultsDirectory>C:\\Users\\ilupa\\Desktop\\Proiect Amdaris\\Traveller-Guide-App\\TravellerGuideApp\\CreateCity\\bin\\Debug\\net6.0\\fine-code-coverage\\coverage-tool-output</ResultsDirectory></Configuration></DataCollector></DataCollectors></DataCollectionRunSettings></RunSettings>",
  "Sources": [
    "C:\\Users\\ilupa\\Desktop\\Proiect Amdaris\\Traveller-Guide-App\\TravellerGuideApp\\CreateCity\\bin\\Debug\\net6.0\\fine-code-coverage\\build-output\\City.dll"
  ],
  "IsTelemetryOptedIn": false
}
TpTrace Verbose: 0 : 28708, 1, 2022/04/07, 21:51:19.473, 22796526134116, datacollector.dll, TestPluginCache: Update extensions started. Skip filter = False
TpTrace Verbose: 0 : 28708, 1, 2022/04/07, 21:51:19.473, 22796526138899, datacollector.dll, TestPluginCache: Using directories for assembly resolution 'C:\Program Files\dotnet\sdk\6.0.200\Extensions'.
TpTrace Verbose: 0 : 28708, 1, 2022/04/07, 21:51:19.473, 22796526139352, datacollector.dll, TestPluginCache: Updated the available extensions to 'C:\Program Files\dotnet\sdk\6.0.200\Extensions\Microsoft.TestPlatform.Extensions.BlameDataCollector.dll,C:\Program Files\dotnet\sdk\6.0.200\Extensions\Microsoft.TestPlatform.Extensions.EventLogCollector.dll'.
TpTrace Verbose: 0 : 28708, 1, 2022/04/07, 21:51:19.479, 22796526191616, datacollector.dll, TestPluginCache.DiscoverTestExtensions: finding test extensions in assemblies ends with: Collector.dll TPluginInfo: Microsoft.VisualStudio.TestPlatform.Common.DataCollector.DataCollectorConfig TExtension: Microsoft.VisualStudio.TestPlatform.ObjectModel.DataCollection.DataCollector
TpTrace Verbose: 0 : 28708, 1, 2022/04/07, 21:51:19.479, 22796526193417, datacollector.dll, TestPluginCache.GetExtensionPaths: Filtered extension paths: C:\Program Files\dotnet\sdk\6.0.200\Extensions\Microsoft.TestPlatform.Extensions.BlameDataCollector.dll
C:\Program Files\dotnet\sdk\6.0.200\Extensions\Microsoft.TestPlatform.Extensions.EventLogCollector.dll
TpTrace Verbose: 0 : 28708, 1, 2022/04/07, 21:51:19.479, 22796526193757, datacollector.dll, TestPluginCache.GetExtensionPaths: Added default extension paths: 
TpTrace Verbose: 0 : 28708, 1, 2022/04/07, 21:51:19.479, 22796526193954, datacollector.dll, TestPluginCache.GetExtensionPaths: Added unfilterableExtensionPaths: 
TpTrace Information: 0 : 28708, 1, 2022/04/07, 21:51:19.479, 22796526197882, datacollector.dll, AssemblyResolver.ctor: Creating AssemblyResolver with searchDirectories C:\Program Files\dotnet\sdk\6.0.200\Extensions,C:\Program Files\dotnet\sdk\6.0.200
TpTrace Verbose: 0 : 28708, 1, 2022/04/07, 21:51:19.480, 22796526204847, datacollector.dll, TestPluginCache.DiscoverTestExtensions: Discovering the extensions using extension path.
TpTrace Verbose: 0 : 28708, 1, 2022/04/07, 21:51:19.480, 22796526205788, datacollector.dll, TestPluginCache.GetExtensionPaths: Filtered extension paths: C:\Program Files\dotnet\sdk\6.0.200\Extensions\Microsoft.TestPlatform.Extensions.BlameDataCollector.dll
C:\Program Files\dotnet\sdk\6.0.200\Extensions\Microsoft.TestPlatform.Extensions.EventLogCollector.dll
TpTrace Verbose: 0 : 28708, 1, 2022/04/07, 21:51:19.480, 22796526206070, datacollector.dll, TestPluginCache.GetExtensionPaths: Added default extension paths: 
TpTrace Verbose: 0 : 28708, 1, 2022/04/07, 21:51:19.480, 22796526206257, datacollector.dll, TestPluginCache.GetExtensionPaths: Added unfilterableExtensionPaths: 
TpTrace Verbose: 0 : 28708, 1, 2022/04/07, 21:51:19.480, 22796526206558, datacollector.dll, TestPluginCache.DiscoverTestExtensions: Discovering the extensions using allExtensionPaths: C:\Program Files\dotnet\sdk\6.0.200\Extensions\Microsoft.TestPlatform.Extensions.BlameDataCollector.dll
C:\Program Files\dotnet\sdk\6.0.200\Extensions\Microsoft.TestPlatform.Extensions.EventLogCollector.dll
TpTrace Information: 0 : 28708, 1, 2022/04/07, 21:51:19.480, 22796526207200, datacollector.dll, AssemblyResolver.AddSearchDirectories: Adding more searchDirectories C:\Program Files\dotnet\sdk\6.0.200\Extensions,C:\Program Files\dotnet\sdk\6.0.200
TpTrace Information: 0 : 28708, 1, 2022/04/07, 21:51:19.480, 22796526207519, datacollector.dll, AssemblyResolver.AddSearchDirectories: Adding more searchDirectories C:\Program Files\dotnet\sdk\6.0.200\Extensions,C:\Program Files\dotnet\sdk\6.0.200
TpTrace Information: 0 : 28708, 1, 2022/04/07, 21:51:19.481, 22796526209889, datacollector.dll, AssemblyResolver.OnResolve: Microsoft.TestPlatform.Extensions.BlameDataCollector: Resolving assembly.
TpTrace Information: 0 : 28708, 1, 2022/04/07, 21:51:19.481, 22796526210330, datacollector.dll, AssemblyResolver.OnResolve: Microsoft.TestPlatform.Extensions.BlameDataCollector: Searching in: 'C:\Program Files\dotnet\sdk\6.0.200\Extensions'.
TpTrace Information: 0 : 28708, 1, 2022/04/07, 21:51:19.481, 22796526214407, datacollector.dll, AssemblyResolver.OnResolve: Microsoft.TestPlatform.Extensions.BlameDataCollector: Loading assembly 'C:\Program Files\dotnet\sdk\6.0.200\Extensions\Microsoft.TestPlatform.Extensions.BlameDataCollector.dll'.
TpTrace Information: 0 : 28708, 1, 2022/04/07, 21:51:19.481, 22796526217612, datacollector.dll, AssemblyResolver.OnResolve: Resolved assembly: Microsoft.TestPlatform.Extensions.BlameDataCollector, from path: C:\Program Files\dotnet\sdk\6.0.200\Extensions\Microsoft.TestPlatform.Extensions.BlameDataCollector.dll
TpTrace Error: 0 : 28708, 1, 2022/04/07, 21:51:19.484, 22796526244907, datacollector.dll, The type "Microsoft.TestPlatform.Extensions.BlameDataCollector.BlameCollector" defined in "Microsoft.TestPlatform.Extensions.BlameDataCollector.dll" does not have ExtensionUri attribute.
TpTrace Information: 0 : 28708, 1, 2022/04/07, 21:51:19.485, 22796526252490, datacollector.dll, AssemblyResolver.OnResolve: Microsoft.TestPlatform.Extensions.EventLogCollector: Resolving assembly.
TpTrace Information: 0 : 28708, 1, 2022/04/07, 21:51:19.485, 22796526252910, datacollector.dll, AssemblyResolver.OnResolve: Microsoft.TestPlatform.Extensions.EventLogCollector: Searching in: 'C:\Program Files\dotnet\sdk\6.0.200\Extensions'.
TpTrace Information: 0 : 28708, 1, 2022/04/07, 21:51:19.485, 22796526256072, datacollector.dll, AssemblyResolver.OnResolve: Microsoft.TestPlatform.Extensions.EventLogCollector: Loading assembly 'C:\Program Files\dotnet\sdk\6.0.200\Extensions\Microsoft.TestPlatform.Extensions.EventLogCollector.dll'.
TpTrace Information: 0 : 28708, 1, 2022/04/07, 21:51:19.485, 22796526259111, datacollector.dll, AssemblyResolver.OnResolve: Resolved assembly: Microsoft.TestPlatform.Extensions.EventLogCollector, from path: C:\Program Files\dotnet\sdk\6.0.200\Extensions\Microsoft.TestPlatform.Extensions.EventLogCollector.dll
TpTrace Error: 0 : 28708, 1, 2022/04/07, 21:51:19.486, 22796526267227, datacollector.dll, The type "Microsoft.TestPlatform.Extensions.EventLogCollector.EventLogDataCollector" defined in "Microsoft.TestPlatform.Extensions.EventLogCollector.dll" does not have ExtensionUri attribute.
TpTrace Verbose: 0 : 28708, 1, 2022/04/07, 21:51:19.486, 22796526269403, datacollector.dll, TestPluginCache: Discovered the extensions using extension path 'C:\Program Files\dotnet\sdk\6.0.200\Extensions\Microsoft.TestPlatform.Extensions.BlameDataCollector.dll,C:\Program Files\dotnet\sdk\6.0.200\Extensions\Microsoft.TestPlatform.Extensions.EventLogCollector.dll'.
TpTrace Verbose: 0 : 28708, 1, 2022/04/07, 21:51:19.486, 22796526269756, datacollector.dll, TestPluginCache: Discoverers are ''.
TpTrace Verbose: 0 : 28708, 1, 2022/04/07, 21:51:19.487, 22796526269954, datacollector.dll, TestPluginCache: Executors are ''.
TpTrace Verbose: 0 : 28708, 1, 2022/04/07, 21:51:19.487, 22796526270126, datacollector.dll, TestPluginCache: Executors2 are ''.
TpTrace Verbose: 0 : 28708, 1, 2022/04/07, 21:51:19.487, 22796526270294, datacollector.dll, TestPluginCache: Setting providers are ''.
TpTrace Verbose: 0 : 28708, 1, 2022/04/07, 21:51:19.487, 22796526270459, datacollector.dll, TestPluginCache: Loggers are ''.
TpTrace Information: 0 : 28708, 1, 2022/04/07, 21:51:19.487, 22796526277800, datacollector.dll, TestPluginManager.CreateTestExtension: Attempting to load test extension: Microsoft.TestPlatform.Extensions.BlameDataCollector.BlameCollector
TpTrace Error: 0 : 28708, 1, 2022/04/07, 21:51:19.487, 22796526279675, datacollector.dll, The type "Microsoft.TestPlatform.Extensions.BlameDataCollector.BlameCollector" defined in "Microsoft.TestPlatform.Extensions.BlameDataCollector.dll" does not have ExtensionUri attribute.
TpTrace Information: 0 : 28708, 1, 2022/04/07, 21:51:19.491, 22796526312574, datacollector.dll, Listening on Endpoint : 127.0.0.1:59629
TpTrace Information: 0 : 28708, 1, 2022/04/07, 21:51:19.497, 22796526372899, datacollector.dll, DataCollectionRequestHandler.ProcessRequests : DataCollection started.
TpTrace Information: 0 : 28708, 1, 2022/04/07, 21:51:19.510, 22796526507608, datacollector.dll, DataCollectionRequestHandler.ProcessRequests : Datacollector received message: (DataCollection.TestHostLaunched) -> {
  "ProcessId": 36160
}
TpTrace Information: 0 : 28708, 5, 2022/04/07, 21:51:19.623, 22796527638395, datacollector.dll, Using the buffer size of 16384 bytes
TpTrace Information: 0 : 28708, 5, 2022/04/07, 21:51:19.623, 22796527639269, datacollector.dll, Accepted Client request and set the flag
TpTrace Information: 0 : 28708, 8, 2022/04/07, 21:51:20.658, 22796537989270, datacollector.dll, DataCollectionTestCaseEventHandler: Test case starting.
TpTrace Information: 0 : 28708, 8, 2022/04/07, 21:51:20.664, 22796538041655, datacollector.dll, Blame Collector : Test Case Start
TpTrace Information: 0 : 28708, 8, 2022/04/07, 21:51:20.664, 22796538044270, datacollector.dll, DataCollectionTestCaseEventHandler: Test case 'City.Create.Create.DeleteCity_ValidCall - 7ce0b889-822c-97a8-df0b-c6819e61037d' started.
TpTrace Information: 0 : 28708, 8, 2022/04/07, 21:51:20.761, 22796539018039, datacollector.dll, DataCollectionTestCaseEventHandler : Test case completing.
TpTrace Information: 0 : 28708, 8, 2022/04/07, 21:51:20.764, 22796539040860, datacollector.dll, Blame Collector : Test Case End
TpTrace Information: 0 : 28708, 8, 2022/04/07, 21:51:20.765, 22796539058701, datacollector.dll, DataCollectionTestCaseEventHandler: Test case 'City.Create.Create.DeleteCity_ValidCall - 7ce0b889-822c-97a8-df0b-c6819e61037d' completed
TpTrace Information: 0 : 28708, 8, 2022/04/07, 21:51:20.776, 22796539160829, datacollector.dll, DataCollectionTestCaseEventHandler: Test session ended
TpTrace Information: 0 : 28708, 1, 2022/04/07, 21:51:20.825, 22796539656476, datacollector.dll, DataCollectionRequestHandler.ProcessRequests : Datacollector received message: (DataCollection.AfterTestRunEnd) -> false
TpTrace Information: 0 : 28708, 1, 2022/04/07, 21:51:20.826, 22796539660713, datacollector.dll, Blame Collector : Session End
TpTrace Information: 0 : 28708, 1, 2022/04/07, 21:51:20.826, 22796539661140, datacollector.dll, BlameCollector.CollectDumpAndAbortTesthost: Custom path to dump directory was provided via VSTEST_DUMP_PATH. Skipping attachment upload, the caller is responsible for collecting and uploading the dumps themselves.
TpTrace Information: 0 : 28708, 1, 2022/04/07, 21:51:20.826, 22796539661954, datacollector.dll, DataCollectionManager.CleanupPlugins: CleanupPlugins called
TpTrace Verbose: 0 : 28708, 1, 2022/04/07, 21:51:20.826, 22796539662307, datacollector.dll, DataCollectionManager.CleanupPlugins: Cleaning up 1 plugins
TpTrace Verbose: 0 : 28708, 1, 2022/04/07, 21:51:20.826, 22796539662967, datacollector.dll, dataCollectorInfo.DisposeDataCollector: calling Dispose() on Microsoft.TestPlatform.Extensions.BlameDataCollector.BlameCollector
TpTrace Information: 0 : 28708, 1, 2022/04/07, 21:51:20.826, 22796539663442, datacollector.dll, DataCollectionManager.CleanupPlugins: CleanupPlugins finished
TpTrace Information: 0 : 28708, 1, 2022/04/07, 21:51:20.828, 22796539683087, datacollector.dll, DataCollectionRequestHandler.ProcessRequests : Session End message received from server. Closing the connection.
TpTrace Information: 0 : 28708, 1, 2022/04/07, 21:51:20.828, 22796539684559, datacollector.dll, Closing the connection !
TpTrace Information: 0 : 28708, 1, 2022/04/07, 21:51:20.828, 22796539684928, datacollector.dll, DataCollectionRequestHandler.ProcessRequests : DataCollection completed
TpTrace Information: 0 : 28708, 1, 2022/04/07, 21:51:20.828, 22796539685149, datacollector.dll, Program.Main: exiting datacollector process.
